  Importer.cpp
  Input.cpp
D:\IPCA\2_ano_2_semeste\Programação 3D\P3D-TP\Input.cpp(37,18): warning C4244: '=': conversion from 'double' to 'float', possible loss of data
D:\IPCA\2_ano_2_semeste\Programação 3D\P3D-TP\Input.cpp(38,18): warning C4244: '=': conversion from 'double' to 'float', possible loss of data
D:\IPCA\2_ano_2_semeste\Programação 3D\P3D-TP\Input.cpp(112,52): warning C4244: 'argument': conversion from 'double' to 'GLclampf', possible loss of data
D:\IPCA\2_ano_2_semeste\Programação 3D\P3D-TP\Input.cpp(112,41): warning C4244: 'argument': conversion from 'double' to 'GLclampf', possible loss of data
D:\IPCA\2_ano_2_semeste\Programação 3D\P3D-TP\Input.cpp(112,30): warning C4244: 'argument': conversion from 'double' to 'GLclampf', possible loss of data
  Generating Code...
  Main.cpp
D:\IPCA\2_ano_2_semeste\Programação 3D\P3D-TP\Main.cpp(114,22): warning C4244: 'argument': conversion from 'float' to 'GLint', possible loss of data
D:\IPCA\2_ano_2_semeste\Programação 3D\P3D-TP\Main.cpp(114,16): warning C4244: 'argument': conversion from 'float' to 'GLint', possible loss of data
glfw3.lib(context.obj) : warning LNK4099: PDB 'glfw3.pdb' was not found with 'glfw3.lib(context.obj)' or at 'D:\IPCA\2_ano_2_semeste\Programaçao 3D\P3D-TP\x64\Debug\glfw3.pdb'; linking object as if no debug info
glfw3.lib(init.obj) : warning LNK4099: PDB 'glfw3.pdb' was not found with 'glfw3.lib(init.obj)' or at 'D:\IPCA\2_ano_2_semeste\Programaçao 3D\P3D-TP\x64\Debug\glfw3.pdb'; linking object as if no debug info
glfw3.lib(input.obj) : warning LNK4099: PDB 'glfw3.pdb' was not found with 'glfw3.lib(input.obj)' or at 'D:\IPCA\2_ano_2_semeste\Programaçao 3D\P3D-TP\x64\Debug\glfw3.pdb'; linking object as if no debug info
glfw3.lib(monitor.obj) : warning LNK4099: PDB 'glfw3.pdb' was not found with 'glfw3.lib(monitor.obj)' or at 'D:\IPCA\2_ano_2_semeste\Programaçao 3D\P3D-TP\x64\Debug\glfw3.pdb'; linking object as if no debug info
glfw3.lib(vulkan.obj) : warning LNK4099: PDB 'glfw3.pdb' was not found with 'glfw3.lib(vulkan.obj)' or at 'D:\IPCA\2_ano_2_semeste\Programaçao 3D\P3D-TP\x64\Debug\glfw3.pdb'; linking object as if no debug info
glfw3.lib(window.obj) : warning LNK4099: PDB 'glfw3.pdb' was not found with 'glfw3.lib(window.obj)' or at 'D:\IPCA\2_ano_2_semeste\Programaçao 3D\P3D-TP\x64\Debug\glfw3.pdb'; linking object as if no debug info
glfw3.lib(win32_init.obj) : warning LNK4099: PDB 'glfw3.pdb' was not found with 'glfw3.lib(win32_init.obj)' or at 'D:\IPCA\2_ano_2_semeste\Programaçao 3D\P3D-TP\x64\Debug\glfw3.pdb'; linking object as if no debug info
glfw3.lib(win32_joystick.obj) : warning LNK4099: PDB 'glfw3.pdb' was not found with 'glfw3.lib(win32_joystick.obj)' or at 'D:\IPCA\2_ano_2_semeste\Programaçao 3D\P3D-TP\x64\Debug\glfw3.pdb'; linking object as if no debug info
glfw3.lib(win32_monitor.obj) : warning LNK4099: PDB 'glfw3.pdb' was not found with 'glfw3.lib(win32_monitor.obj)' or at 'D:\IPCA\2_ano_2_semeste\Programaçao 3D\P3D-TP\x64\Debug\glfw3.pdb'; linking object as if no debug info
glfw3.lib(win32_time.obj) : warning LNK4099: PDB 'glfw3.pdb' was not found with 'glfw3.lib(win32_time.obj)' or at 'D:\IPCA\2_ano_2_semeste\Programaçao 3D\P3D-TP\x64\Debug\glfw3.pdb'; linking object as if no debug info
glfw3.lib(win32_thread.obj) : warning LNK4099: PDB 'glfw3.pdb' was not found with 'glfw3.lib(win32_thread.obj)' or at 'D:\IPCA\2_ano_2_semeste\Programaçao 3D\P3D-TP\x64\Debug\glfw3.pdb'; linking object as if no debug info
glfw3.lib(win32_window.obj) : warning LNK4099: PDB 'glfw3.pdb' was not found with 'glfw3.lib(win32_window.obj)' or at 'D:\IPCA\2_ano_2_semeste\Programaçao 3D\P3D-TP\x64\Debug\glfw3.pdb'; linking object as if no debug info
glfw3.lib(wgl_context.obj) : warning LNK4099: PDB 'glfw3.pdb' was not found with 'glfw3.lib(wgl_context.obj)' or at 'D:\IPCA\2_ano_2_semeste\Programaçao 3D\P3D-TP\x64\Debug\glfw3.pdb'; linking object as if no debug info
glfw3.lib(egl_context.obj) : warning LNK4099: PDB 'glfw3.pdb' was not found with 'glfw3.lib(egl_context.obj)' or at 'D:\IPCA\2_ano_2_semeste\Programaçao 3D\P3D-TP\x64\Debug\glfw3.pdb'; linking object as if no debug info
glfw3.lib(osmesa_context.obj) : warning LNK4099: PDB 'glfw3.pdb' was not found with 'glfw3.lib(osmesa_context.obj)' or at 'D:\IPCA\2_ano_2_semeste\Programaçao 3D\P3D-TP\x64\Debug\glfw3.pdb'; linking object as if no debug info
  P3D-TP.vcxproj -> D:\IPCA\2_ano_2_semeste\Programação 3D\P3D-TP\x64\Debug\P3D-TP.exe
